<?xml version="1.0" encoding="UTF-8"?>
<testsuite xmlns:xsi="http://www.w3.org/2001/XMLSchema-instance" xsi:noNamespaceSchemaLocation="https://maven.apache.org/surefire/maven-surefire-plugin/xsd/surefire-test-report.xsd" name="com.zzz.ystools.YstoolsApplicationTests" time="0.979" tests="1" errors="0" skipped="0" failures="0">
  <properties>
    <property name="sun.desktop" value="windows"/>
    <property name="awt.toolkit" value="sun.awt.windows.WToolkit"/>
    <property name="file.encoding.pkg" value="sun.io"/>
    <property name="java.specification.version" value="1.8"/>
    <property name="sun.cpu.isalist" value="amd64"/>
    <property name="sun.jnu.encoding" value="GBK"/>
    <property name="java.class.path" value="D:\idea-2023.1-workspace\z3website\ystools\target\test-classes;D:\idea-2023.1-workspace\z3website\ystools\target\classes;D:\cc\CODE\environment\maven\repository\org\springframework\boot\spring-boot-starter\2.7.17\spring-boot-starter-2.7.17.jar;D:\cc\CODE\environment\maven\repository\org\springframework\boot\spring-boot\2.7.17\spring-boot-2.7.17.jar;D:\cc\CODE\environment\maven\repository\org\springframework\spring-context\5.3.30\spring-context-5.3.30.jar;D:\cc\CODE\environment\maven\repository\org\springframework\spring-aop\5.3.30\spring-aop-5.3.30.jar;D:\cc\CODE\environment\maven\repository\org\springframework\spring-beans\5.3.30\spring-beans-5.3.30.jar;D:\cc\CODE\environment\maven\repository\org\springframework\spring-expression\5.3.30\spring-expression-5.3.30.jar;D:\cc\CODE\environment\maven\repository\org\springframework\boot\spring-boot-autoconfigure\2.7.17\spring-boot-autoconfigure-2.7.17.jar;D:\cc\CODE\environment\maven\repository\org\springframework\boot\spring-boot-starter-logging\2.7.17\spring-boot-starter-logging-2.7.17.jar;D:\cc\CODE\environment\maven\repository\ch\qos\logback\logback-classic\1.2.12\logback-classic-1.2.12.jar;D:\cc\CODE\environment\maven\repository\ch\qos\logback\logback-core\1.2.12\logback-core-1.2.12.jar;D:\cc\CODE\environment\maven\repository\org\apache\logging\log4j\log4j-to-slf4j\2.17.2\log4j-to-slf4j-2.17.2.jar;D:\cc\CODE\environment\maven\repository\org\apache\logging\log4j\log4j-api\2.17.2\log4j-api-2.17.2.jar;D:\cc\CODE\environment\maven\repository\org\slf4j\jul-to-slf4j\1.7.36\jul-to-slf4j-1.7.36.jar;D:\cc\CODE\environment\maven\repository\jakarta\annotation\jakarta.annotation-api\1.3.5\jakarta.annotation-api-1.3.5.jar;D:\cc\CODE\environment\maven\repository\org\springframework\spring-core\5.3.30\spring-core-5.3.30.jar;D:\cc\CODE\environment\maven\repository\org\springframework\spring-jcl\5.3.30\spring-jcl-5.3.30.jar;D:\cc\CODE\environment\maven\repository\org\yaml\snakeyaml\1.30\snakeyaml-1.30.jar;D:\cc\CODE\environment\maven\repository\org\springframework\boot\spring-boot-starter-test\2.7.17\spring-boot-starter-test-2.7.17.jar;D:\cc\CODE\environment\maven\repository\org\springframework\boot\spring-boot-test\2.7.17\spring-boot-test-2.7.17.jar;D:\cc\CODE\environment\maven\repository\org\springframework\boot\spring-boot-test-autoconfigure\2.7.17\spring-boot-test-autoconfigure-2.7.17.jar;D:\cc\CODE\environment\maven\repository\com\jayway\jsonpath\json-path\2.7.0\json-path-2.7.0.jar;D:\cc\CODE\environment\maven\repository\net\minidev\json-smart\2.4.11\json-smart-2.4.11.jar;D:\cc\CODE\environment\maven\repository\net\minidev\accessors-smart\2.4.11\accessors-smart-2.4.11.jar;D:\cc\CODE\environment\maven\repository\org\ow2\asm\asm\9.3\asm-9.3.jar;D:\cc\CODE\environment\maven\repository\org\slf4j\slf4j-api\1.7.36\slf4j-api-1.7.36.jar;D:\cc\CODE\environment\maven\repository\jakarta\xml\bind\jakarta.xml.bind-api\2.3.3\jakarta.xml.bind-api-2.3.3.jar;D:\cc\CODE\environment\maven\repository\jakarta\activation\jakarta.activation-api\1.2.2\jakarta.activation-api-1.2.2.jar;D:\cc\CODE\environment\maven\repository\org\assertj\assertj-core\3.22.0\assertj-core-3.22.0.jar;D:\cc\CODE\environment\maven\repository\org\hamcrest\hamcrest\2.2\hamcrest-2.2.jar;D:\cc\CODE\environment\maven\repository\org\junit\jupiter\junit-jupiter\5.8.2\junit-jupiter-5.8.2.jar;D:\cc\CODE\environment\maven\repository\org\junit\jupiter\junit-jupiter-api\5.8.2\junit-jupiter-api-5.8.2.jar;D:\cc\CODE\environment\maven\repository\org\opentest4j\opentest4j\1.2.0\opentest4j-1.2.0.jar;D:\cc\CODE\environment\maven\repository\org\junit\platform\junit-platform-commons\1.8.2\junit-platform-commons-1.8.2.jar;D:\cc\CODE\environment\maven\repository\org\apiguardian\apiguardian-api\1.1.2\apiguardian-api-1.1.2.jar;D:\cc\CODE\environment\maven\repository\org\junit\jupiter\junit-jupiter-params\5.8.2\junit-jupiter-params-5.8.2.jar;D:\cc\CODE\environment\maven\repository\org\junit\jupiter\junit-jupiter-engine\5.8.2\junit-jupiter-engine-5.8.2.jar;D:\cc\CODE\environment\maven\repository\org\junit\platform\junit-platform-engine\1.8.2\junit-platform-engine-1.8.2.jar;D:\cc\CODE\environment\maven\repository\org\mockito\mockito-core\4.5.1\mockito-core-4.5.1.jar;D:\cc\CODE\environment\maven\repository\net\bytebuddy\byte-buddy\1.12.23\byte-buddy-1.12.23.jar;D:\cc\CODE\environment\maven\repository\net\bytebuddy\byte-buddy-agent\1.12.23\byte-buddy-agent-1.12.23.jar;D:\cc\CODE\environment\maven\repository\org\objenesis\objenesis\3.2\objenesis-3.2.jar;D:\cc\CODE\environment\maven\repository\org\mockito\mockito-junit-jupiter\4.5.1\mockito-junit-jupiter-4.5.1.jar;D:\cc\CODE\environment\maven\repository\org\skyscreamer\jsonassert\1.5.1\jsonassert-1.5.1.jar;D:\cc\CODE\environment\maven\repository\com\vaadin\external\google\android-json\0.0.20131108.vaadin1\android-json-0.0.20131108.vaadin1.jar;D:\cc\CODE\environment\maven\repository\org\springframework\spring-test\5.3.30\spring-test-5.3.30.jar;D:\cc\CODE\environment\maven\repository\org\xmlunit\xmlunit-core\2.9.1\xmlunit-core-2.9.1.jar;"/>
    <property name="java.vm.vendor" value="Oracle Corporation"/>
    <property name="sun.arch.data.model" value="64"/>
    <property name="user.variant" value=""/>
    <property name="java.vendor.url" value="http://java.oracle.com/"/>
    <property name="user.timezone" value="Asia/Shanghai"/>
    <property name="java.vm.specification.version" value="1.8"/>
    <property name="os.name" value="Windows 10"/>
    <property name="user.country" value="CN"/>
    <property name="sun.java.launcher" value="SUN_STANDARD"/>
    <property name="sun.boot.library.path" value="D:\environment\jdk1.8\jre\bin"/>
    <property name="sun.java.command" value="C:\Users\hx\AppData\Local\Temp\surefire2564422442961902527\surefirebooter7881144995312729995.jar C:\Users\hx\AppData\Local\Temp\surefire2564422442961902527 2023-11-14T15-49-20_239-jvmRun1 surefire677918471092912893tmp surefire_117561707981073066tmp"/>
    <property name="surefire.test.class.path" value="D:\idea-2023.1-workspace\z3website\ystools\target\test-classes;D:\idea-2023.1-workspace\z3website\ystools\target\classes;D:\cc\CODE\environment\maven\repository\org\springframework\boot\spring-boot-starter\2.7.17\spring-boot-starter-2.7.17.jar;D:\cc\CODE\environment\maven\repository\org\springframework\boot\spring-boot\2.7.17\spring-boot-2.7.17.jar;D:\cc\CODE\environment\maven\repository\org\springframework\spring-context\5.3.30\spring-context-5.3.30.jar;D:\cc\CODE\environment\maven\repository\org\springframework\spring-aop\5.3.30\spring-aop-5.3.30.jar;D:\cc\CODE\environment\maven\repository\org\springframework\spring-beans\5.3.30\spring-beans-5.3.30.jar;D:\cc\CODE\environment\maven\repository\org\springframework\spring-expression\5.3.30\spring-expression-5.3.30.jar;D:\cc\CODE\environment\maven\repository\org\springframework\boot\spring-boot-autoconfigure\2.7.17\spring-boot-autoconfigure-2.7.17.jar;D:\cc\CODE\environment\maven\repository\org\springframework\boot\spring-boot-starter-logging\2.7.17\spring-boot-starter-logging-2.7.17.jar;D:\cc\CODE\environment\maven\repository\ch\qos\logback\logback-classic\1.2.12\logback-classic-1.2.12.jar;D:\cc\CODE\environment\maven\repository\ch\qos\logback\logback-core\1.2.12\logback-core-1.2.12.jar;D:\cc\CODE\environment\maven\repository\org\apache\logging\log4j\log4j-to-slf4j\2.17.2\log4j-to-slf4j-2.17.2.jar;D:\cc\CODE\environment\maven\repository\org\apache\logging\log4j\log4j-api\2.17.2\log4j-api-2.17.2.jar;D:\cc\CODE\environment\maven\repository\org\slf4j\jul-to-slf4j\1.7.36\jul-to-slf4j-1.7.36.jar;D:\cc\CODE\environment\maven\repository\jakarta\annotation\jakarta.annotation-api\1.3.5\jakarta.annotation-api-1.3.5.jar;D:\cc\CODE\environment\maven\repository\org\springframework\spring-core\5.3.30\spring-core-5.3.30.jar;D:\cc\CODE\environment\maven\repository\org\springframework\spring-jcl\5.3.30\spring-jcl-5.3.30.jar;D:\cc\CODE\environment\maven\repository\org\yaml\snakeyaml\1.30\snakeyaml-1.30.jar;D:\cc\CODE\environment\maven\repository\org\springframework\boot\spring-boot-starter-test\2.7.17\spring-boot-starter-test-2.7.17.jar;D:\cc\CODE\environment\maven\repository\org\springframework\boot\spring-boot-test\2.7.17\spring-boot-test-2.7.17.jar;D:\cc\CODE\environment\maven\repository\org\springframework\boot\spring-boot-test-autoconfigure\2.7.17\spring-boot-test-autoconfigure-2.7.17.jar;D:\cc\CODE\environment\maven\repository\com\jayway\jsonpath\json-path\2.7.0\json-path-2.7.0.jar;D:\cc\CODE\environment\maven\repository\net\minidev\json-smart\2.4.11\json-smart-2.4.11.jar;D:\cc\CODE\environment\maven\repository\net\minidev\accessors-smart\2.4.11\accessors-smart-2.4.11.jar;D:\cc\CODE\environment\maven\repository\org\ow2\asm\asm\9.3\asm-9.3.jar;D:\cc\CODE\environment\maven\repository\org\slf4j\slf4j-api\1.7.36\slf4j-api-1.7.36.jar;D:\cc\CODE\environment\maven\repository\jakarta\xml\bind\jakarta.xml.bind-api\2.3.3\jakarta.xml.bind-api-2.3.3.jar;D:\cc\CODE\environment\maven\repository\jakarta\activation\jakarta.activation-api\1.2.2\jakarta.activation-api-1.2.2.jar;D:\cc\CODE\environment\maven\repository\org\assertj\assertj-core\3.22.0\assertj-core-3.22.0.jar;D:\cc\CODE\environment\maven\repository\org\hamcrest\hamcrest\2.2\hamcrest-2.2.jar;D:\cc\CODE\environment\maven\repository\org\junit\jupiter\junit-jupiter\5.8.2\junit-jupiter-5.8.2.jar;D:\cc\CODE\environment\maven\repository\org\junit\jupiter\junit-jupiter-api\5.8.2\junit-jupiter-api-5.8.2.jar;D:\cc\CODE\environment\maven\repository\org\opentest4j\opentest4j\1.2.0\opentest4j-1.2.0.jar;D:\cc\CODE\environment\maven\repository\org\junit\platform\junit-platform-commons\1.8.2\junit-platform-commons-1.8.2.jar;D:\cc\CODE\environment\maven\repository\org\apiguardian\apiguardian-api\1.1.2\apiguardian-api-1.1.2.jar;D:\cc\CODE\environment\maven\repository\org\junit\jupiter\junit-jupiter-params\5.8.2\junit-jupiter-params-5.8.2.jar;D:\cc\CODE\environment\maven\repository\org\junit\jupiter\junit-jupiter-engine\5.8.2\junit-jupiter-engine-5.8.2.jar;D:\cc\CODE\environment\maven\repository\org\junit\platform\junit-platform-engine\1.8.2\junit-platform-engine-1.8.2.jar;D:\cc\CODE\environment\maven\repository\org\mockito\mockito-core\4.5.1\mockito-core-4.5.1.jar;D:\cc\CODE\environment\maven\repository\net\bytebuddy\byte-buddy\1.12.23\byte-buddy-1.12.23.jar;D:\cc\CODE\environment\maven\repository\net\bytebuddy\byte-buddy-agent\1.12.23\byte-buddy-agent-1.12.23.jar;D:\cc\CODE\environment\maven\repository\org\objenesis\objenesis\3.2\objenesis-3.2.jar;D:\cc\CODE\environment\maven\repository\org\mockito\mockito-junit-jupiter\4.5.1\mockito-junit-jupiter-4.5.1.jar;D:\cc\CODE\environment\maven\repository\org\skyscreamer\jsonassert\1.5.1\jsonassert-1.5.1.jar;D:\cc\CODE\environment\maven\repository\com\vaadin\external\google\android-json\0.0.20131108.vaadin1\android-json-0.0.20131108.vaadin1.jar;D:\cc\CODE\environment\maven\repository\org\springframework\spring-test\5.3.30\spring-test-5.3.30.jar;D:\cc\CODE\environment\maven\repository\org\xmlunit\xmlunit-core\2.9.1\xmlunit-core-2.9.1.jar;"/>
    <property name="sun.cpu.endian" value="little"/>
    <property name="user.home" value="C:\Users\hx"/>
    <property name="user.language" value="zh"/>
    <property name="java.specification.vendor" value="Oracle Corporation"/>
    <property name="java.home" value="D:\environment\jdk1.8\jre"/>
    <property name="basedir" value="D:\idea-2023.1-workspace\z3website\ystools"/>
    <property name="file.separator" value="\"/>
    <property name="line.separator" value="&#10;"/>
    <property name="java.vm.specification.vendor" value="Oracle Corporation"/>
    <property name="java.specification.name" value="Java Platform API Specification"/>
    <property name="java.awt.graphicsenv" value="sun.awt.Win32GraphicsEnvironment"/>
    <property name="surefire.real.class.path" value="C:\Users\hx\AppData\Local\Temp\surefire2564422442961902527\surefirebooter7881144995312729995.jar"/>
    <property name="sun.boot.class.path" value="D:\environment\jdk1.8\jre\lib\resources.jar;D:\environment\jdk1.8\jre\lib\rt.jar;D:\environment\jdk1.8\jre\lib\sunrsasign.jar;D:\environment\jdk1.8\jre\lib\jsse.jar;D:\environment\jdk1.8\jre\lib\jce.jar;D:\environment\jdk1.8\jre\lib\charsets.jar;D:\environment\jdk1.8\jre\lib\jfr.jar;D:\environment\jdk1.8\jre\classes"/>
    <property name="user.script" value=""/>
    <property name="sun.management.compiler" value="HotSpot 64-Bit Tiered Compilers"/>
    <property name="java.runtime.version" value="1.8.0_281-b09"/>
    <property name="user.name" value="hx"/>
    <property name="path.separator" value=";"/>
    <property name="os.version" value="10.0"/>
    <property name="java.endorsed.dirs" value="D:\environment\jdk1.8\jre\lib\endorsed"/>
    <property name="java.runtime.name" value="Java(TM) SE Runtime Environment"/>
    <property name="file.encoding" value="GBK"/>
    <property name="java.vm.name" value="Java HotSpot(TM) 64-Bit Server VM"/>
    <property name="localRepository" value="D:\cc\CODE\environment\maven\repository"/>
    <property name="java.vendor.url.bug" value="http://bugreport.sun.com/bugreport/"/>
    <property name="java.io.tmpdir" value="C:\Users\hx\AppData\Local\Temp\"/>
    <property name="java.version" value="1.8.0_281"/>
    <property name="user.dir" value="D:\idea-2023.1-workspace\z3website\ystools"/>
    <property name="os.arch" value="amd64"/>
    <property name="java.vm.specification.name" value="Java Virtual Machine Specification"/>
    <property name="java.awt.printerjob" value="sun.awt.windows.WPrinterJob"/>
    <property name="sun.os.patch.level" value=""/>
    <property name="java.library.path" value="D:\environment\jdk1.8\jre\bin;C:\WINDOWS\Sun\Java\bin;C:\WINDOWS\system32;C:\WINDOWS;C:\WINDOWS\system32;C:\WINDOWS;C:\WINDOWS\System32\Wbem;C:\WINDOWS\System32\WindowsPowerShell\v1.0\;C:\WINDOWS\System32\OpenSSH\;C:\Program Files\Git\cmd;D:\environment\maven\apache-maven-3.8.5\bin;D:\environment\jdk1.8\bin;D:\environment\jdk1.8\jre\bin;C:\Program Files\dotnet\;D:\Bandizip\;D:\nvm;D:\nodejs;C:\Program Files (x86)\Certbot\bin;C:\Program Files\Docker\Docker\resources\bin;C:\Users\hx\AppData\Local\Programs\Python\Python36\;C:\Users\hx\AppData\Local\Programs\Python\Python36\Scripts\;C:\Users\hx\AppData\Local\Programs\Python\Python39;C:\Users\hx\AppData\Local\Programs\Python\Python39\Scripts;C:\Users\hx\AppData\Local\Programs\Python\Python37\;C:\Users\hx\AppData\Local\Programs\Python\Python37\Scripts\;C:\Users\hx\AppData\Local\Programs\Python\Python37-32\;C:\Users\hx\AppData\Local\Programs\Python\Python37-32\Scripts\;C:\Users\hx\AppData\Local\Microsoft\WindowsApps;D:\environment\Microsoft VS Code\bin;D:\nvm;D:\nodejs;D:\ffmpeg-2023-09-07-git-9c9f48e7f2-essentials_build\bin;;."/>
    <property name="java.vm.info" value="mixed mode"/>
    <property name="java.vendor" value="Oracle Corporation"/>
    <property name="java.vm.version" value="25.281-b09"/>
    <property name="java.ext.dirs" value="D:\environment\jdk1.8\jre\lib\ext;C:\WINDOWS\Sun\Java\lib\ext"/>
    <property name="sun.io.unicode.encoding" value="UnicodeLittle"/>
    <property name="java.class.version" value="52.0"/>
  </properties>
  <testcase name="contextLoads" classname="com.zzz.ystools.YstoolsApplicationTests" time="0.137"/>
</testsuite>